#
# There is insufficient memory for the Java Runtime Environment to continue.
# Native memory allocation (malloc) failed to allocate 1071536 bytes. Error detail: Chunk::new
# Possible reasons:
#   The system is out of physical RAM or swap space
#   This process is running with CompressedOops enabled, and the Java Heap may be blocking the growth of the native heap
# Possible solutions:
#   Reduce memory load on the system
#   Increase physical memory or swap space
#   Check if swap backing store is full
#   Decrease Java heap size (-Xmx/-Xms)
#   Decrease number of Java threads
#   Decrease Java thread stack sizes (-Xss)
#   Set larger code cache with -XX:ReservedCodeCacheSize=
#   JVM is running with Unscaled Compressed Oops mode in which the Java heap is
#     placed in the first 4GB address space. The Java Heap base address is the
#     maximum limit for the native heap growth. Please use -XX:HeapBaseMinAddress
#     to set the Java Heap base and to place the Java Heap above 4GB virtual address.
# This output file may be truncated or incomplete.
#
#  Out of Memory Error (arena.cpp:168), pid=25172, tid=25352
#
# JRE version: OpenJDK Runtime Environment Temurin-21.0.3+9 (21.0.3+9) (build 21.0.3+9-LTS)
# Java VM: OpenJDK 64-Bit Server VM Temurin-21.0.3+9 (21.0.3+9-LTS, mixed mode, tiered, compressed oops, compressed class ptrs, g1 gc, windows-amd64)
# No core dump will be written. Minidumps are not enabled by default on client versions of Windows
#

---------------  S U M M A R Y ------------

Command Line: -ea -Dfile.encoding=UTF-8 -Dstdout.encoding=UTF-8 -Dstderr.encoding=UTF-8 -XX:+ShowCodeDetailsInExceptionMessages org.testng.remote.RemoteTestNG -serport 58439 -protocol json -d C:\Users\DELL\eclipse-workspace2\DBTesting\test-output C:\Users\DELL\AppData\Local\Temp\testng-eclipse-560665087\testng-customsuite.xml

Host: Intel(R) Core(TM) i7-5500U CPU @ 2.40GHz, 4 cores, 7G,  Windows 10 , 64 bit Build 19041 (10.0.19041.4717)
Time: Tue Aug 27 11:48:45 2024 Jordan Standard Time elapsed time: 4.535747 seconds (0d 0h 0m 4s)

---------------  T H R E A D  ---------------

Current thread (0x000001cdd0d984e0):  JavaThread "C2 CompilerThread1" daemon [_thread_in_native, id=25352, stack(0x0000004bf3400000,0x0000004bf3500000) (1024K)]


Current CompileTask:
C2:   4535 2352       4       sun.security.ec.ECOperations::setDouble (463 bytes)

Stack: [0x0000004bf3400000,0x0000004bf3500000]
Native frames: (J=compiled Java code, j=interpreted, Vv=VM code, C=native code)
V  [jvm.dll+0x6c8699]
V  [jvm.dll+0x8a2061]
V  [jvm.dll+0x8a458e]
V  [jvm.dll+0x8a4c63]
V  [jvm.dll+0x27e476]
V  [jvm.dll+0xc4a1d]
V  [jvm.dll+0xc4f53]
V  [jvm.dll+0x2f11cf]
V  [jvm.dll+0x5f1fca]
V  [jvm.dll+0x24fa82]
V  [jvm.dll+0x24fe3f]
V  [jvm.dll+0x248804]
V  [jvm.dll+0x245e94]
V  [jvm.dll+0x1c6f4e]
V  [jvm.dll+0x255719]
V  [jvm.dll+0x253cba]
V  [jvm.dll+0x3ec1e6]
V  [jvm.dll+0x84bf8b]
V  [jvm.dll+0x6c6dcd]
C  [ucrtbase.dll+0x21bb2]
C  [KERNEL32.DLL+0x17374]
C  [ntdll.dll+0x4cc91]


---------------  P R O C E S S  ---------------

Threads class SMR info:
_java_thread_list=0x000001cdd0ec51e0, length=30, elements={
0x000001cdb20d5970, 0x000001cdcba83fd0, 0x000001cdcba87a50, 0x000001cdcbad9e40,
0x000001cdcbadaa50, 0x000001cdcbadb660, 0x000001cdcbabb000, 0x000001cdcbaafd30,
0x000001cdcbabefc0, 0x000001cdcbc71880, 0x000001cdcbc79870, 0x000001cdd07ccf80,
0x000001cdd0a21b30, 0x000001cdd0a14300, 0x000001cdd0a74f20, 0x000001cdd0b3a450,
0x000001cdd0b906b0, 0x000001cdd0ba46f0, 0x000001cdd0ba2cb0, 0x000001cdd0ba5410,
0x000001cdd0ba5aa0, 0x000001cdd0ba6130, 0x000001cdd0ba3340, 0x000001cdd0ba39d0,
0x000001cdd0ba4060, 0x000001cdd0ba4d80, 0x000001cdd0ec8de0, 0x000001cdd0ec7a30,
0x000001cdd0ec73a0, 0x000001cdd0d984e0
}

Java Threads: ( => current thread )
  0x000001cdb20d5970 JavaThread "main"                              [_thread_in_Java, id=25256, stack(0x0000004bf0c00000,0x0000004bf0d00000) (1024K)]
  0x000001cdcba83fd0 JavaThread "Reference Handler"          daemon [_thread_blocked, id=25236, stack(0x0000004bf1400000,0x0000004bf1500000) (1024K)]
  0x000001cdcba87a50 JavaThread "Finalizer"                  daemon [_thread_blocked, id=24264, stack(0x0000004bf1500000,0x0000004bf1600000) (1024K)]
  0x000001cdcbad9e40 JavaThread "Signal Dispatcher"          daemon [_thread_blocked, id=3024, stack(0x0000004bf1600000,0x0000004bf1700000) (1024K)]
  0x000001cdcbadaa50 JavaThread "Attach Listener"            daemon [_thread_blocked, id=25344, stack(0x0000004bf1700000,0x0000004bf1800000) (1024K)]
  0x000001cdcbadb660 JavaThread "Service Thread"             daemon [_thread_blocked, id=25336, stack(0x0000004bf1800000,0x0000004bf1900000) (1024K)]
  0x000001cdcbabb000 JavaThread "Monitor Deflation Thread"   daemon [_thread_blocked, id=25348, stack(0x0000004bf1900000,0x0000004bf1a00000) (1024K)]
  0x000001cdcbaafd30 JavaThread "C2 CompilerThread0"         daemon [_thread_in_native, id=25368, stack(0x0000004bf1a00000,0x0000004bf1b00000) (1024K)]
  0x000001cdcbabefc0 JavaThread "C1 CompilerThread0"         daemon [_thread_blocked, id=25300, stack(0x0000004bf1b00000,0x0000004bf1c00000) (1024K)]
  0x000001cdcbc71880 JavaThread "Notification Thread"        daemon [_thread_blocked, id=25280, stack(0x0000004bf1c00000,0x0000004bf1d00000) (1024K)]
  0x000001cdcbc79870 JavaThread "Common-Cleaner"             daemon [_thread_blocked, id=25272, stack(0x0000004bf1d00000,0x0000004bf1e00000) (1024K)]
  0x000001cdd07ccf80 JavaThread "ReaderThread"                      [_thread_in_native, id=25320, stack(0x0000004bf2000000,0x0000004bf2100000) (1024K)]
  0x000001cdd0a21b30 JavaThread "ForkJoinPool.commonPool-worker-1" daemon [_thread_blocked, id=25492, stack(0x0000004bf2300000,0x0000004bf2400000) (1024K)]
  0x000001cdd0a14300 JavaThread "HttpClient-1-SelectorManager" daemon [_thread_in_native, id=25508, stack(0x0000004bf2500000,0x0000004bf2600000) (1024K)]
  0x000001cdd0a74f20 JavaThread "External Process Output Forwarder - C:\Users\DELL\.cache\selenium\chromedriver\win64\128.0.6613.84\chromedriver.exe" daemon [_thread_in_native, id=25540, stack(0x0000004bf2600000,0x0000004bf2700000) (1024K)]
  0x000001cdd0b3a450 JavaThread "Driver Service Executor"    daemon [_thread_blocked, id=25512, stack(0x0000004bf2700000,0x0000004bf2800000) (1024K)]
  0x000001cdd0b906b0 JavaThread "Driver Service Executor"    daemon [_thread_in_native, id=25556, stack(0x0000004bf2800000,0x0000004bf2900000) (1024K)]
  0x000001cdd0ba46f0 JavaThread "UrlChecker-2"               daemon [_thread_blocked, id=25580, stack(0x0000004bf2900000,0x0000004bf2a00000) (1024K)]
  0x000001cdd0ba2cb0 JavaThread "Keep-Alive-Timer"           daemon [_thread_blocked, id=9496, stack(0x0000004bf2a00000,0x0000004bf2b00000) (1024K)]
  0x000001cdd0ba5410 JavaThread "JdkHttpClient-0-0"          daemon [_thread_blocked, id=25592, stack(0x0000004bf2b00000,0x0000004bf2c00000) (1024K)]
  0x000001cdd0ba5aa0 JavaThread "JdkHttpClient-0-1"          daemon [_thread_blocked, id=25036, stack(0x0000004bf2c00000,0x0000004bf2d00000) (1024K)]
  0x000001cdd0ba6130 JavaThread "JdkHttpClient-0-2"          daemon [_thread_blocked, id=24648, stack(0x0000004bf2d00000,0x0000004bf2e00000) (1024K)]
  0x000001cdd0ba3340 JavaThread "HttpClient-2-SelectorManager" daemon [_thread_in_native, id=25524, stack(0x0000004bf2400000,0x0000004bf2500000) (1024K)]
  0x000001cdd0ba39d0 JavaThread "JdkHttpClient-1-0"          daemon [_thread_blocked, id=25504, stack(0x0000004bf2e00000,0x0000004bf2f00000) (1024K)]
  0x000001cdd0ba4060 JavaThread "JdkHttpClient-1-1"          daemon [_thread_blocked, id=25552, stack(0x0000004bf2f00000,0x0000004bf3000000) (1024K)]
  0x000001cdd0ba4d80 JavaThread "JdkHttpClient-1-2"          daemon [_thread_blocked, id=25532, stack(0x0000004bf3000000,0x0000004bf3100000) (1024K)]
  0x000001cdd0ec8de0 JavaThread "ForkJoinPool.commonPool-worker-2" daemon [_thread_blocked, id=24460, stack(0x0000004bf3100000,0x0000004bf3200000) (1024K)]
  0x000001cdd0ec7a30 JavaThread "ForkJoinPool.commonPool-worker-3" daemon [_thread_blocked, id=25388, stack(0x0000004bf3200000,0x0000004bf3300000) (1024K)]
  0x000001cdd0ec73a0 JavaThread "mysql-cj-abandoned-connection-cleanup" daemon [_thread_blocked, id=25304, stack(0x0000004bf3300000,0x0000004bf3400000) (1024K)]
=>0x000001cdd0d984e0 JavaThread "C2 CompilerThread1"         daemon [_thread_in_native, id=25352, stack(0x0000004bf3400000,0x0000004bf3500000) (1024K)]
Total: 30

Other Threads:
  0x000001cdcba447f0 VMThread "VM Thread"                           [id=25200, stack(0x0000004bf1300000,0x0000004bf1400000) (1024K)]
  0x000001cdcb9c1a00 WatcherThread "VM Periodic Task Thread"        [id=25252, stack(0x0000004bf1200000,0x0000004bf1300000) (1024K)]
  0x000001cdb236b0e0 WorkerThread "GC Thread#0"                     [id=25212, stack(0x0000004bf0d00000,0x0000004bf0e00000) (1024K)]
  0x000001cdd08ff890 WorkerThread "GC Thread#1"                     [id=25484, stack(0x0000004bf1e00000,0x0000004bf1f00000) (1024K)]
  0x000001cdd08ffc30 WorkerThread "GC Thread#2"                     [id=25468, stack(0x0000004bf2100000,0x0000004bf2200000) (1024K)]
  0x000001cdd08fffd0 WorkerThread "GC Thread#3"                     [id=25456, stack(0x0000004bf2200000,0x0000004bf2300000) (1024K)]
  0x000001cdb237c6a0 ConcurrentGCThread "G1 Main Marker"            [id=25224, stack(0x0000004bf0e00000,0x0000004bf0f00000) (1024K)]
  0x000001cdb237d0b0 WorkerThread "G1 Conc#0"                       [id=25240, stack(0x0000004bf0f00000,0x0000004bf1000000) (1024K)]
  0x000001cdcb8830c0 ConcurrentGCThread "G1 Refine#0"               [id=25232, stack(0x0000004bf1000000,0x0000004bf1100000) (1024K)]
  0x000001cdcb883a40 ConcurrentGCThread "G1 Service"                [id=25220, stack(0x0000004bf1100000,0x0000004bf1200000) (1024K)]
Total: 10

Threads with active compile tasks:
C2 CompilerThread0     4571 2372       4       sun.security.ec.ECOperations::setSum (685 bytes)
C1 CompilerThread0     4571 2437       1       com.mysql.cj.protocol.a.NativePacketPayload::getByteBuffer (5 bytes)
C2 CompilerThread1     4571 2352       4       sun.security.ec.ECOperations::setDouble (463 bytes)
Total: 3

VM state: not at safepoint (normal execution)

VM Mutex/Monitor currently owned by a thread: None

Heap address: 0x0000000081400000, size: 2028 MB, Compressed Oops mode: 32-bit

CDS archive(s) not mapped
Compressed class space mapped at: 0x0000000100000000-0x0000000140000000, reserved size: 1073741824
Narrow klass base: 0x0000000000000000, Narrow klass shift: 3, Narrow klass range: 0x140000000

GC Precious Log:
 CardTable entry size: 512
 Card Set container configuration: InlinePtr #cards 5 size 8 Array Of Cards #cards 12 size 40 Howl #buckets 4 coarsen threshold 1843 Howl Bitmap #cards 512 size 80 coarsen threshold 460 Card regions per heap region 1 cards per card region 2048
 CPUs: 4 total, 4 available
 Memory: 8105M
 Large Page Support: Disabled
 NUMA Support: Disabled
 Compressed Oops: Enabled (32-bit)
 Heap Region Size: 1M
 Heap Min Capacity: 8M
 Heap Initial Capacity: 128M
 Heap Max Capacity: 2028M
 Pre-touch: Disabled
 Parallel Workers: 4
 Concurrent Workers: 1
 Concurrent Refinement Workers: 4
 Periodic GC: Disabled

Heap:
 garbage-first heap   total 30720K, used 13259K [0x0000000081400000, 0x0000000100000000)
  region size 1024K, 6 young (6144K), 2 survivors (2048K)
 Metaspace       used 30793K, committed 31168K, reserved 1114112K
  class space    used 3333K, committed 3520K, reserved 1048576K

Heap Regions: E=young(eden), S=young(survivor), O=old, HS=humongous(starts), HC=humongous(continues), CS=collection set, F=free, TAMS=top-at-mark-start, PB=parsable bottom
|   0|0x0000000081400000, 0x0000000081500000, 0x0000000081500000|100%| O|  |TAMS 0x0000000081400000| PB 0x0000000081400000| Untracked 
|   1|0x0000000081500000, 0x0000000081600000, 0x0000000081600000|100%| O|  |TAMS 0x0000000081500000| PB 0x0000000081500000| Untracked 
|   2|0x0000000081600000, 0x0000000081700000, 0x0000000081700000|100%| O|  |TAMS 0x0000000081600000| PB 0x0000000081600000| Untracked 
|   3|0x0000000081700000, 0x0000000081800000, 0x0000000081800000|100%| O|  |TAMS 0x0000000081700000| PB 0x0000000081700000| Untracked 
|   4|0x0000000081800000, 0x0000000081800000, 0x0000000081900000|  0%| F|  |TAMS 0x0000000081800000| PB 0x0000000081800000| Untracked 
|   5|0x0000000081900000, 0x0000000081a00000, 0x0000000081a00000|100%| O|  |TAMS 0x0000000081900000| PB 0x0000000081900000| Untracked 
|   6|0x0000000081a00000, 0x0000000081b00000, 0x0000000081b00000|100%| O|  |TAMS 0x0000000081a00000| PB 0x0000000081a00000| Untracked 
|   7|0x0000000081b00000, 0x0000000081c00000, 0x0000000081c00000|100%| O|  |TAMS 0x0000000081b00000| PB 0x0000000081b00000| Untracked 
|   8|0x0000000081c00000, 0x0000000081d00000, 0x0000000081d00000|100%| O|  |TAMS 0x0000000081c00000| PB 0x0000000081c00000| Untracked 
|   9|0x0000000081d00000, 0x0000000081d00000, 0x0000000081e00000|  0%| F|  |TAMS 0x0000000081d00000| PB 0x0000000081d00000| Untracked 
|  10|0x0000000081e00000, 0x0000000081e00000, 0x0000000081f00000|  0%| F|  |TAMS 0x0000000081e00000| PB 0x0000000081e00000| Untracked 
|  11|0x0000000081f00000, 0x0000000081f00000, 0x0000000082000000|  0%| F|  |TAMS 0x0000000081f00000| PB 0x0000000081f00000| Untracked 
|  12|0x0000000082000000, 0x0000000082000000, 0x0000000082100000|  0%| F|  |TAMS 0x0000000082000000| PB 0x0000000082000000| Untracked 
|  13|0x0000000082100000, 0x0000000082100000, 0x0000000082200000|  0%| F|  |TAMS 0x0000000082100000| PB 0x0000000082100000| Untracked 
|  14|0x0000000082200000, 0x0000000082200000, 0x0000000082300000|  0%| F|  |TAMS 0x0000000082200000| PB 0x0000000082200000| Untracked 
|  15|0x0000000082300000, 0x0000000082300000, 0x0000000082400000|  0%| F|  |TAMS 0x0000000082300000| PB 0x0000000082300000| Untracked 
|  16|0x0000000082400000, 0x0000000082400000, 0x0000000082500000|  0%| F|  |TAMS 0x0000000082400000| PB 0x0000000082400000| Untracked 
|  17|0x0000000082500000, 0x00000000825f2da0, 0x0000000082600000| 94%| S|CS|TAMS 0x0000000082500000| PB 0x0000000082500000| Complete 
|  18|0x0000000082600000, 0x0000000082700000, 0x0000000082700000|100%| S|CS|TAMS 0x0000000082600000| PB 0x0000000082600000| Complete 
|  19|0x0000000082700000, 0x0000000082700000, 0x0000000082800000|  0%| F|  |TAMS 0x0000000082700000| PB 0x0000000082700000| Untracked 
|  20|0x0000000082800000, 0x0000000082800000, 0x0000000082900000|  0%| F|  |TAMS 0x0000000082800000| PB 0x0000000082800000| Untracked 
|  21|0x0000000082900000, 0x0000000082900000, 0x0000000082a00000|  0%| F|  |TAMS 0x0000000082900000| PB 0x0000000082900000| Untracked 
|  22|0x0000000082a00000, 0x0000000082a00000, 0x0000000082b00000|  0%| F|  |TAMS 0x0000000082a00000| PB 0x0000000082a00000| Untracked 
|  23|0x0000000082b00000, 0x0000000082b00000, 0x0000000082c00000|  0%| F|  |TAMS 0x0000000082b00000| PB 0x0000000082b00000| Untracked 
|  24|0x0000000082c00000, 0x0000000082c00000, 0x0000000082d00000|  0%| F|  |TAMS 0x0000000082c00000| PB 0x0000000082c00000| Untracked 
|  25|0x0000000082d00000, 0x0000000082d00000, 0x0000000082e00000|  0%| F|  |TAMS 0x0000000082d00000| PB 0x0000000082d00000| Untracked 
| 122|0x0000000088e00000, 0x0000000088e37af8, 0x0000000088f00000| 21%| E|  |TAMS 0x0000000088e00000| PB 0x0000000088e00000| Complete 
| 123|0x0000000088f00000, 0x0000000089000000, 0x0000000089000000|100%| E|CS|TAMS 0x0000000088f00000| PB 0x0000000088f00000| Complete 
| 124|0x0000000089000000, 0x0000000089100000, 0x0000000089100000|100%| E|CS|TAMS 0x0000000089000000| PB 0x0000000089000000| Complete 
| 127|0x0000000089300000, 0x0000000089400000, 0x0000000089400000|100%| E|CS|TAMS 0x0000000089300000| PB 0x0000000089300000| Complete 

Card table byte_map: [0x000001cdc7020000,0x000001cdc7420000] _byte_map_base: 0x000001cdc6c16000

Marking Bits: (CMBitMap*) 0x000001cdb236b6f0
 Bits: [0x000001cdc7420000, 0x000001cdc93d0000)

Polling page: 0x000001cdb23e0000

Metaspace:

Usage:
  Non-class:     26.83 MB used.
      Class:      3.26 MB used.
       Both:     30.09 MB used.

Virtual space:
  Non-class space:       64.00 MB reserved,      27.00 MB ( 42%) committed,  1 nodes.
      Class space:        1.00 GB reserved,       3.44 MB ( <1%) committed,  1 nodes.
             Both:        1.06 GB reserved,      30.44 MB (  3%) committed. 

Chunk freelists:
   Non-Class:  4.64 MB
       Class:  12.56 MB
        Both:  17.20 MB

MaxMetaspaceSize: unlimited
CompressedClassSpaceSize: 1.00 GB
Initial GC threshold: 21.00 MB
Current GC threshold: 35.31 MB
CDS: off
 - commit_granule_bytes: 65536.
 - commit_granule_words: 8192.
 - virtual_space_node_default_size: 8388608.
 - enlarge_chunks_in_place: 1.
 - use_allocation_guard: 0.


Internal statistics:

num_allocs_failed_limit: 3.
num_arena_births: 402.
num_arena_deaths: 0.
num_vsnodes_births: 2.
num_vsnodes_deaths: 0.
num_space_committed: 487.
num_space_uncommitted: 0.
num_chunks_returned_to_freelist: 3.
num_chunks_taken_from_freelist: 982.
num_chunk_merges: 0.
num_chunk_splits: 586.
num_chunks_enlarged: 364.
num_inconsistent_stats: 0.

CodeHeap 'non-profiled nmethods': size=120000Kb used=897Kb max_used=897Kb free=119102Kb
 bounds [0x000001cdbf0c0000, 0x000001cdbf330000, 0x000001cdc65f0000]
CodeHeap 'profiled nmethods': size=120000Kb used=4476Kb max_used=4476Kb free=115523Kb
 bounds [0x000001cdb75f0000, 0x000001cdb7a50000, 0x000001cdbeb20000]
CodeHeap 'non-nmethods': size=5760Kb used=1539Kb max_used=1547Kb free=4220Kb
 bounds [0x000001cdbeb20000, 0x000001cdbed90000, 0x000001cdbf0c0000]
 total_blobs=3030 nmethods=2426 adapters=508
 compilation: enabled
              stopped_count=0, restarted_count=0
 full_count=0

Compilation events (20 events):
Event: 4.512 Thread 0x000001cdcbabefc0 2412       3       java.math.BigInteger::mulAdd (19 bytes)
Event: 4.512 Thread 0x000001cdcbabefc0 nmethod 2412 0x000001cdb7a41090 code [0x000001cdb7a41240, 0x000001cdb7a413d8]
Event: 4.512 Thread 0x000001cdcbabefc0 2413       3       java.math.BigInteger::implMulAddCheck (176 bytes)
Event: 4.513 Thread 0x000001cdcbabefc0 nmethod 2413 0x000001cdb7a41490 code [0x000001cdb7a418e0, 0x000001cdb7a43118]
Event: 4.516 Thread 0x000001cdcbabefc0 2416       1       java.util.LinkedHashMap::removeEldestEntry (2 bytes)
Event: 4.517 Thread 0x000001cdcbabefc0 nmethod 2416 0x000001cdbf19ee10 code [0x000001cdbf19efa0, 0x000001cdbf19f068]
Event: 4.517 Thread 0x000001cdcbabefc0 2419       1       sun.security.provider.DigestBase::engineGetDigestLength (5 bytes)
Event: 4.517 Thread 0x000001cdcbabefc0 nmethod 2419 0x000001cdbf19f110 code [0x000001cdbf19f2a0, 0x000001cdbf19f368]
Event: 4.518 Thread 0x000001cdcbabefc0 2420       3       java.lang.invoke.MethodHandle::isSafeToCache (14 bytes)
Event: 4.519 Thread 0x000001cdcbabefc0 nmethod 2420 0x000001cdb7a43b10 code [0x000001cdb7a43cc0, 0x000001cdb7a43e38]
Event: 4.520 Thread 0x000001cdcbabefc0 2421       3       java.lang.invoke.MethodHandle::setAsTypeCache (33 bytes)
Event: 4.521 Thread 0x000001cdcbabefc0 nmethod 2421 0x000001cdb7a43f10 code [0x000001cdb7a44120, 0x000001cdb7a44728]
Event: 4.525 Thread 0x000001cdcbabefc0 2422       3       java.lang.invoke.VarHandleGuards::guard_LIJ_V (135 bytes)
Event: 4.528 Thread 0x000001cdcbabefc0 nmethod 2422 0x000001cdb7a44910 code [0x000001cdb7a44d40, 0x000001cdb7a47160]
Event: 4.528 Thread 0x000001cdcbabefc0 2423       3       java.lang.invoke.VarHandleByteArrayAsLongs$ArrayHandle::set (39 bytes)
Event: 4.528 Thread 0x000001cdcbabefc0 nmethod 2423 0x000001cdb7a47c90 code [0x000001cdb7a47e60, 0x000001cdb7a48268]
Event: 4.528 Thread 0x000001cdcbabefc0 2424       3       jdk.internal.misc.Unsafe::putLongUnaligned (14 bytes)
Event: 4.528 Thread 0x000001cdcbabefc0 nmethod 2424 0x000001cdb7a48410 code [0x000001cdb7a485c0, 0x000001cdb7a487d0]
Event: 4.529 Thread 0x000001cdcbabefc0 2426       3       sun.security.provider.SHA5::implCompress0 (346 bytes)
Event: 4.530 Thread 0x000001cdcbabefc0 nmethod 2426 0x000001cdb7a48910 code [0x000001cdb7a48b80, 0x000001cdb7a495c0]

GC Heap History (10 events):
Event: 1.072 GC heap before
{Heap before GC invocations=0 (full 0):
 garbage-first heap   total 131072K, used 12288K [0x0000000081400000, 0x0000000100000000)
  region size 1024K, 13 young (13312K), 0 survivors (0K)
 Metaspace       used 13726K, committed 13952K, reserved 1114112K
  class space    used 1267K, committed 1408K, reserved 1048576K
}
Event: 1.078 GC heap after
{Heap after GC invocations=1 (full 0):
 garbage-first heap   total 131072K, used 3960K [0x0000000081400000, 0x0000000100000000)
  region size 1024K, 2 young (2048K), 2 survivors (2048K)
 Metaspace       used 13726K, committed 13952K, reserved 1114112K
  class space    used 1267K, committed 1408K, reserved 1048576K
}
Event: 2.102 GC heap before
{Heap before GC invocations=1 (full 0):
 garbage-first heap   total 131072K, used 19320K [0x0000000081400000, 0x0000000100000000)
  region size 1024K, 18 young (18432K), 2 survivors (2048K)
 Metaspace       used 20300K, committed 20608K, reserved 1114112K
  class space    used 2016K, committed 2176K, reserved 1048576K
}
Event: 2.109 GC heap after
{Heap after GC invocations=2 (full 0):
 garbage-first heap   total 131072K, used 7638K [0x0000000081400000, 0x0000000100000000)
  region size 1024K, 3 young (3072K), 3 survivors (3072K)
 Metaspace       used 20300K, committed 20608K, reserved 1114112K
  class space    used 2016K, committed 2176K, reserved 1048576K
}
Event: 2.174 GC heap before
{Heap before GC invocations=2 (full 0):
 garbage-first heap   total 131072K, used 9686K [0x0000000081400000, 0x0000000100000000)
  region size 1024K, 6 young (6144K), 3 survivors (3072K)
 Metaspace       used 21246K, committed 21504K, reserved 1114112K
  class space    used 2127K, committed 2240K, reserved 1048576K
}
Event: 2.177 GC heap after
{Heap after GC invocations=3 (full 0):
 garbage-first heap   total 131072K, used 6978K [0x0000000081400000, 0x0000000100000000)
  region size 1024K, 3 young (3072K), 3 survivors (3072K)
 Metaspace       used 21246K, committed 21504K, reserved 1114112K
  class space    used 2127K, committed 2240K, reserved 1048576K
}
Event: 3.821 GC heap before
{Heap before GC invocations=4 (full 0):
 garbage-first heap   total 30720K, used 22338K [0x0000000081400000, 0x0000000100000000)
  region size 1024K, 18 young (18432K), 3 survivors (3072K)
 Metaspace       used 25743K, committed 26112K, reserved 1114112K
  class space    used 2733K, committed 2880K, reserved 1048576K
}
Event: 3.830 GC heap after
{Heap after GC invocations=5 (full 0):
 garbage-first heap   total 30720K, used 8379K [0x0000000081400000, 0x0000000100000000)
  region size 1024K, 3 young (3072K), 3 survivors (3072K)
 Metaspace       used 25743K, committed 26112K, reserved 1114112K
  class space    used 2733K, committed 2880K, reserved 1048576K
}
Event: 4.263 GC heap before
{Heap before GC invocations=5 (full 0):
 garbage-first heap   total 30720K, used 18619K [0x0000000081400000, 0x0000000100000000)
  region size 1024K, 14 young (14336K), 3 survivors (3072K)
 Metaspace       used 29834K, committed 30208K, reserved 1114112K
  class space    used 3218K, committed 3392K, reserved 1048576K
}
Event: 4.269 GC heap after
{Heap after GC invocations=6 (full 0):
 garbage-first heap   total 30720K, used 10187K [0x0000000081400000, 0x0000000100000000)
  region size 1024K, 2 young (2048K), 2 survivors (2048K)
 Metaspace       used 29834K, committed 30208K, reserved 1114112K
  class space    used 3218K, committed 3392K, reserved 1048576K
}

Dll operation events (8 events):
Event: 0.010 Loaded shared library C:\Users\DELL\.p2\pool\plugins\org.eclipse.justj.openjdk.hotspot.jre.full.win32.x86_64_21.0.3.v20240426-1530\jre\bin\java.dll
Event: 0.020 Loaded shared library C:\Users\DELL\.p2\pool\plugins\org.eclipse.justj.openjdk.hotspot.jre.full.win32.x86_64_21.0.3.v20240426-1530\jre\bin\zip.dll
Event: 0.246 Loaded shared library C:\Users\DELL\.p2\pool\plugins\org.eclipse.justj.openjdk.hotspot.jre.full.win32.x86_64_21.0.3.v20240426-1530\jre\bin\net.dll
Event: 0.249 Loaded shared library C:\Users\DELL\.p2\pool\plugins\org.eclipse.justj.openjdk.hotspot.jre.full.win32.x86_64_21.0.3.v20240426-1530\jre\bin\nio.dll
Event: 0.267 Loaded shared library C:\Users\DELL\.p2\pool\plugins\org.eclipse.justj.openjdk.hotspot.jre.full.win32.x86_64_21.0.3.v20240426-1530\jre\bin\zip.dll
Event: 0.472 Loaded shared library C:\Users\DELL\.p2\pool\plugins\org.eclipse.justj.openjdk.hotspot.jre.full.win32.x86_64_21.0.3.v20240426-1530\jre\bin\jimage.dll
Event: 0.691 Loaded shared library C:\Users\DELL\.p2\pool\plugins\org.eclipse.justj.openjdk.hotspot.jre.full.win32.x86_64_21.0.3.v20240426-1530\jre\bin\extnet.dll
Event: 2.165 Loaded shared library C:\Users\DELL\.p2\pool\plugins\org.eclipse.justj.openjdk.hotspot.jre.full.win32.x86_64_21.0.3.v20240426-1530\jre\bin\sunmscapi.dll

Deoptimization events (20 events):
Event: 4.185 Thread 0x000001cdb20d5970 Uncommon trap: trap_request=0xffffff45 fr.pc=0x000001cdbf0fe2dc relative=0x000000000000057c
Event: 4.185 Thread 0x000001cdb20d5970 Uncommon trap: reason=unstable_if action=reinterpret pc=0x000001cdbf0fe2dc method=java.lang.AbstractStringBuilder.inflateIfNeededFor(Ljava/lang/String;)V @ 14 c2
Event: 4.185 Thread 0x000001cdb20d5970 DEOPT PACKING pc=0x000001cdbf0fe2dc sp=0x0000004bf0cfc630
Event: 4.185 Thread 0x000001cdb20d5970 DEOPT UNPACKING pc=0x000001cdbeb746a2 sp=0x0000004bf0cfc4e0 mode 2
Event: 4.185 Thread 0x000001cdb20d5970 Uncommon trap: trap_request=0xffffff45 fr.pc=0x000001cdbf112dc8 relative=0x0000000000000508
Event: 4.185 Thread 0x000001cdb20d5970 Uncommon trap: reason=unstable_if action=reinterpret pc=0x000001cdbf112dc8 method=java.lang.AbstractStringBuilder.isLatin1()Z @ 10 c2
Event: 4.185 Thread 0x000001cdb20d5970 DEOPT PACKING pc=0x000001cdbf112dc8 sp=0x0000004bf0cfc640
Event: 4.185 Thread 0x000001cdb20d5970 DEOPT UNPACKING pc=0x000001cdbeb746a2 sp=0x0000004bf0cfc4d8 mode 2
Event: 4.185 Thread 0x000001cdb20d5970 Uncommon trap: trap_request=0xffffff45 fr.pc=0x000001cdbf0fc454 relative=0x0000000000000574
Event: 4.185 Thread 0x000001cdb20d5970 Uncommon trap: reason=unstable_if action=reinterpret pc=0x000001cdbf0fc454 method=java.lang.AbstractStringBuilder.inflateIfNeededFor(Ljava/lang/String;)V @ 14 c2
Event: 4.185 Thread 0x000001cdb20d5970 DEOPT PACKING pc=0x000001cdbf0fc454 sp=0x0000004bf0cfc5d0
Event: 4.185 Thread 0x000001cdb20d5970 DEOPT UNPACKING pc=0x000001cdbeb746a2 sp=0x0000004bf0cfc4d8 mode 2
Event: 4.185 Thread 0x000001cdb20d5970 Uncommon trap: trap_request=0xffffff45 fr.pc=0x000001cdbf1123d4 relative=0x00000000000004f4
Event: 4.185 Thread 0x000001cdb20d5970 Uncommon trap: reason=unstable_if action=reinterpret pc=0x000001cdbf1123d4 method=java.lang.AbstractStringBuilder.isLatin1()Z @ 10 c2
Event: 4.185 Thread 0x000001cdb20d5970 DEOPT PACKING pc=0x000001cdbf1123d4 sp=0x0000004bf0cfc5a0
Event: 4.185 Thread 0x000001cdb20d5970 DEOPT UNPACKING pc=0x000001cdbeb746a2 sp=0x0000004bf0cfc4f0 mode 2
Event: 4.502 Thread 0x000001cdb20d5970 Uncommon trap: trap_request=0xffffffe4 fr.pc=0x000001cdbf13d9b4 relative=0x0000000000000454
Event: 4.502 Thread 0x000001cdb20d5970 Uncommon trap: reason=range_check action=make_not_entrant pc=0x000001cdbf13d9b4 method=sun.security.util.DerValue.<init>([BIIZZ)V @ 83 c2
Event: 4.502 Thread 0x000001cdb20d5970 DEOPT PACKING pc=0x000001cdbf13d9b4 sp=0x0000004bf0cfcbe0
Event: 4.502 Thread 0x000001cdb20d5970 DEOPT UNPACKING pc=0x000001cdbeb746a2 sp=0x0000004bf0cfcb70 mode 2

Classes loaded (20 events):
Event: 4.518 Loading class java/util/stream/DistinctOps
Event: 4.519 Loading class java/util/stream/DistinctOps done
Event: 4.519 Loading class java/util/stream/DistinctOps$1
Event: 4.519 Loading class java/util/stream/DistinctOps$1 done
Event: 4.521 Loading class java/util/stream/DistinctOps$1$2
Event: 4.521 Loading class java/util/stream/DistinctOps$1$2 done
Event: 4.521 Loading class sun/security/ssl/X509Authentication
Event: 4.522 Loading class sun/security/ssl/SSLAuthentication
Event: 4.522 Loading class sun/security/ssl/SSLAuthentication done
Event: 4.522 Loading class sun/security/ssl/X509Authentication done
Event: 4.523 Loading class com/sun/crypto/provider/GaloisCounterMode$GCMEncrypt
Event: 4.523 Loading class com/sun/crypto/provider/GaloisCounterMode$GCMEncrypt done
Event: 4.523 Loading class com/sun/crypto/provider/GaloisCounterMode$EncryptOp
Event: 4.523 Loading class com/sun/crypto/provider/GaloisCounterMode$EncryptOp done
Event: 4.524 Loading class sun/security/ssl/X509Authentication$X509Possession
Event: 4.524 Loading class sun/security/ssl/X509Authentication$X509Possession done
Event: 4.529 Loading class javax/net/ssl/SSLEngineResult$HandshakeStatus
Event: 4.530 Loading class javax/net/ssl/SSLEngineResult$HandshakeStatus done
Event: 4.530 Loading class jdk/internal/event/TLSHandshakeEvent
Event: 4.530 Loading class jdk/internal/event/TLSHandshakeEvent done

Classes unloaded (0 events):
No events

Classes redefined (0 events):
No events

Internal exceptions (20 events):
Event: 2.253 Thread 0x000001cdb20d5970 Exception <a 'java/lang/NoSuchMethodError'{0x0000000082c573d0}: 'java.lang.Object java.lang.invoke.DirectMethodHandle$Holder.invokeVirtual(java.lang.Object, java.lang.Object, java.lang.Object, java.lang.Object)'> (0x0000000082c573d0) 
thrown [s\src\hotspot\share\interpreter\linkResolver.cpp, line 773]
Event: 2.284 Thread 0x000001cdd0ba46f0 Exception <a 'java/net/ConnectException'{0x0000000082b0a528}: Connection refused: getsockopt> (0x0000000082b0a528) 
thrown [s\src\hotspot\share\prims\jni.cpp, line 539]
Event: 2.310 Thread 0x000001cdd0ba46f0 Exception <a 'java/net/ConnectException'{0x0000000082b0b618}: Connection refused: getsockopt> (0x0000000082b0b618) 
thrown [s\src\hotspot\share\prims\jni.cpp, line 539]
Event: 2.382 Thread 0x000001cdb20d5970 Exception <a 'java/lang/NoSuchMethodError'{0x0000000082a0f358}: 'java.lang.Object java.lang.invoke.DirectMethodHandle$Holder.newInvokeSpecial(java.lang.Object, java.lang.Object, int, int)'> (0x0000000082a0f358) 
thrown [s\src\hotspot\share\interpreter\linkResolver.cpp, line 773]
Event: 2.383 Thread 0x000001cdb20d5970 Exception <a 'java/lang/NoSuchMethodError'{0x0000000082a19830}: 'void java.lang.invoke.DirectMethodHandle$Holder.invokeStatic(java.lang.Object, java.lang.Object, int)'> (0x0000000082a19830) 
thrown [s\src\hotspot\share\interpreter\linkResolver.cpp, line 773]
Event: 2.402 Thread 0x000001cdb20d5970 Exception <a 'java/lang/NoSuchMethodError'{0x0000000082a907d0}: 'java.lang.Object java.lang.invoke.DirectMethodHandle$Holder.newInvokeSpecial(java.lang.Object, java.lang.Object, java.lang.Object, java.lang.Object, java.lang.Object)'> (0x0000000082a907d0) 
thrown [s\src\hotspot\share\interpreter\linkResolver.cpp, line 773]
Event: 2.455 Thread 0x000001cdd0ba5410 Exception <a 'java/lang/NoSuchMethodError'{0x00000000828a88a8}: 'java.lang.Object java.lang.invoke.DirectMethodHandle$Holder.invokeSpecial(java.lang.Object, java.lang.Object, java.lang.Object, java.lang.Object, int)'> (0x00000000828a88a8) 
thrown [s\src\hotspot\share\interpreter\linkResolver.cpp, line 773]
Event: 2.455 Thread 0x000001cdd0ba5410 Exception <a 'java/lang/NoSuchMethodError'{0x00000000828ac540}: 'java.lang.Object java.lang.invoke.Invokers$Holder.linkToTargetMethod(java.lang.Object, java.lang.Object, int, java.lang.Object)'> (0x00000000828ac540) 
thrown [s\src\hotspot\share\interpreter\linkResolver.cpp, line 773]
Event: 2.466 Thread 0x000001cdd0ba5410 Exception <a 'java/lang/NoSuchMethodError'{0x000000008271fea0}: 'void java.lang.invoke.DirectMethodHandle$Holder.invokeSpecial(java.lang.Object, java.lang.Object, java.lang.Object)'> (0x000000008271fea0) 
thrown [s\src\hotspot\share\interpreter\linkResolver.cpp, line 773]
Event: 2.480 Thread 0x000001cdd0ba5410 Exception <a 'java/lang/NoSuchMethodError'{0x00000000827c55c8}: 'void java.lang.invoke.DirectMethodHandle$Holder.invokeSpecial(java.lang.Object, java.lang.Object, java.lang.Object, java.lang.Object, java.lang.Object)'> (0x00000000827c55c8) 
thrown [s\src\hotspot\share\interpreter\linkResolver.cpp, line 773]
Event: 3.523 Thread 0x000001cdd0ba5410 Exception <a 'java/lang/NoSuchMethodError'{0x000000008251f0d8}: 'void java.lang.invoke.DirectMethodHandle$Holder.invokeSpecial(java.lang.Object, java.lang.Object, java.lang.Object, java.lang.Object, java.lang.Object, java.lang.Object, java.lang.Object)'> (0x000000008251f0d8) 
thrown [s\src\hotspot\share\interpreter\linkResolver.cpp, line 773]
Event: 3.556 Thread 0x000001cdb20d5970 Exception <a 'java/lang/NoSuchMethodError'{0x00000000829fa808}: 'java.lang.Object java.lang.invoke.DirectMethodHandle$Holder.invokeSpecialIFC(java.lang.Object, java.lang.Object, java.lang.Object)'> (0x00000000829fa808) 
thrown [s\src\hotspot\share\interpreter\linkResolver.cpp, line 773]
Event: 3.760 Thread 0x000001cdb20d5970 Exception <a 'java/lang/ClassNotFoundException'{0x00000000821c1cf8}: sun/util/logging/resources/spi/loggingProvider> (0x00000000821c1cf8) 
thrown [s\src\hotspot\share\classfile\systemDictionary.cpp, line 312]
Event: 3.797 Thread 0x000001cdb20d5970 Exception <a 'java/lang/IncompatibleClassChangeError'{0x000000008206aea8}: Found class java.lang.Object, but interface was expected> (0x000000008206aea8) 
thrown [s\src\hotspot\share\interpreter\linkResolver.cpp, line 840]
Event: 3.805 Thread 0x000001cdb20d5970 Exception <a 'java/lang/NoSuchMethodError'{0x00000000820ab1c0}: 'java.lang.Object java.lang.invoke.DirectMethodHandle$Holder.newInvokeSpecial(java.lang.Object, java.lang.Object, int, java.lang.Object, java.lang.Object)'> (0x00000000820ab1c0) 
thrown [s\src\hotspot\share\interpreter\linkResolver.cpp, line 773]
Event: 3.820 Thread 0x000001cdb20d5970 Exception <a 'java/lang/NoSuchMethodError'{0x00000000820fa408}: 'java.lang.Object java.lang.invoke.DirectMethodHandle$Holder.newInvokeSpecial(java.lang.Object, int, java.lang.Object)'> (0x00000000820fa408) 
thrown [s\src\hotspot\share\interpreter\linkResolver.cpp, line 773]
Event: 3.837 Thread 0x000001cdb20d5970 Exception <a 'java/lang/NoSuchMethodError'{0x0000000089345180}: 'java.lang.Object java.lang.invoke.DirectMethodHandle$Holder.invokeStatic(java.lang.Object, java.lang.Object, int, java.lang.Object, java.lang.Object)'> (0x0000000089345180) 
thrown [s\src\hotspot\share\interpreter\linkResolver.cpp, line 773]
Event: 3.838 Thread 0x000001cdb20d5970 Exception <a 'java/lang/NoSuchMethodError'{0x000000008934bc98}: 'java.lang.Object java.lang.invoke.DirectMethodHandle$Holder.newInvokeSpecial(java.lang.Object, java.lang.Object, int, java.lang.Object)'> (0x000000008934bc98) 
thrown [s\src\hotspot\share\interpreter\linkResolver.cpp, line 773]
Event: 3.838 Thread 0x000001cdb20d5970 Exception <a 'java/lang/NoSuchMethodError'{0x000000008934f858}: 'java.lang.Object java.lang.invoke.DirectMethodHandle$Holder.invokeSpecial(java.lang.Object, java.lang.Object, java.lang.Object, int, java.lang.Object)'> (0x000000008934f858) 
thrown [s\src\hotspot\share\interpreter\linkResolver.cpp, line 773]
Event: 3.838 Thread 0x000001cdb20d5970 Exception <a 'java/lang/NoSuchMethodError'{0x00000000893531a0}: 'java.lang.Object java.lang.invoke.Invokers$Holder.linkToTargetMethod(java.lang.Object, int, java.lang.Object, java.lang.Object)'> (0x00000000893531a0) 
thrown [s\src\hotspot\share\interpreter\linkResolver.cpp, line 773]

ZGC Phase Switch (0 events):
No events

VM Operations (20 events):
Event: 3.491 Executing VM operation: HandshakeAllThreads (Deoptimize)
Event: 3.492 Executing VM operation: HandshakeAllThreads (Deoptimize) done
Event: 3.494 Executing VM operation: HandshakeAllThreads (Deoptimize)
Event: 3.494 Executing VM operation: HandshakeAllThreads (Deoptimize) done
Event: 3.736 Executing VM operation: HandshakeAllThreads (Deoptimize)
Event: 3.736 Executing VM operation: HandshakeAllThreads (Deoptimize) done
Event: 3.821 Executing VM operation: G1CollectForAllocation (G1 Evacuation Pause)
Event: 3.830 Executing VM operation: G1CollectForAllocation (G1 Evacuation Pause) done
Event: 3.867 Executing VM operation: HandshakeAllThreads (Deoptimize)
Event: 3.867 Executing VM operation: HandshakeAllThreads (Deoptimize) done
Event: 3.889 Executing VM operation: HandshakeAllThreads (Deoptimize)
Event: 3.889 Executing VM operation: HandshakeAllThreads (Deoptimize) done
Event: 3.908 Executing VM operation: HandshakeAllThreads (Deoptimize)
Event: 3.908 Executing VM operation: HandshakeAllThreads (Deoptimize) done
Event: 4.173 Executing VM operation: HandshakeAllThreads (Deoptimize)
Event: 4.173 Executing VM operation: HandshakeAllThreads (Deoptimize) done
Event: 4.263 Executing VM operation: G1CollectForAllocation (G1 Evacuation Pause)
Event: 4.269 Executing VM operation: G1CollectForAllocation (G1 Evacuation Pause) done
Event: 4.520 Executing VM operation: HandshakeAllThreads (Deoptimize)
Event: 4.520 Executing VM operation: HandshakeAllThreads (Deoptimize) done

Events (20 events):
Event: 1.779 Thread 0x000001cdd0a21b30 Thread added: 0x000001cdd0a21b30
Event: 1.998 Thread 0x000001cdd0b4c030 Thread added: 0x000001cdd0b4c030
Event: 2.219 Thread 0x000001cdd0a14300 Thread added: 0x000001cdd0a14300
Event: 2.259 Thread 0x000001cdd0a74f20 Thread added: 0x000001cdd0a74f20
Event: 2.262 Thread 0x000001cdd0b3a450 Thread added: 0x000001cdd0b3a450
Event: 2.263 Thread 0x000001cdd0b906b0 Thread added: 0x000001cdd0b906b0
Event: 2.272 Thread 0x000001cdd0ba46f0 Thread added: 0x000001cdd0ba46f0
Event: 2.344 Thread 0x000001cdd0ba2cb0 Thread added: 0x000001cdd0ba2cb0
Event: 2.440 Thread 0x000001cdd0ba5410 Thread added: 0x000001cdd0ba5410
Event: 2.499 Thread 0x000001cdd0ba5aa0 Thread added: 0x000001cdd0ba5aa0
Event: 2.501 Thread 0x000001cdd0ba6130 Thread added: 0x000001cdd0ba6130
Event: 3.490 Thread 0x000001cdd0b4c030 Thread exited: 0x000001cdd0b4c030
Event: 3.626 Thread 0x000001cdd0ba3340 Thread added: 0x000001cdd0ba3340
Event: 3.628 Thread 0x000001cdd0ba39d0 Thread added: 0x000001cdd0ba39d0
Event: 3.631 Thread 0x000001cdd0ba4060 Thread added: 0x000001cdd0ba4060
Event: 3.631 Thread 0x000001cdd0ba4d80 Thread added: 0x000001cdd0ba4d80
Event: 3.847 Thread 0x000001cdd0ec8de0 Thread added: 0x000001cdd0ec8de0
Event: 3.847 Thread 0x000001cdd0ec7a30 Thread added: 0x000001cdd0ec7a30
Event: 3.904 Thread 0x000001cdd0ec73a0 Thread added: 0x000001cdd0ec73a0
Event: 4.175 Thread 0x000001cdd0d984e0 Thread added: 0x000001cdd0d984e0


Dynamic libraries:
0x00007ff758c80000 - 0x00007ff758c8e000 	C:\Users\DELL\.p2\pool\plugins\org.eclipse.justj.openjdk.hotspot.jre.full.win32.x86_64_21.0.3.v20240426-1530\jre\bin\javaw.exe
0x00007ffc3d8b0000 - 0x00007ffc3daa8000 	C:\Windows\SYSTEM32\ntdll.dll
0x00007ffc3d590000 - 0x00007ffc3d651000 	C:\Windows\System32\KERNEL32.DLL
0x00007ffc3b3e0000 - 0x00007ffc3b6dd000 	C:\Windows\System32\KERNELBASE.dll
0x00007ffc3afb0000 - 0x00007ffc3b0b0000 	C:\Windows\System32\ucrtbase.dll
0x00007ffc36630000 - 0x00007ffc36648000 	C:\Users\DELL\.p2\pool\plugins\org.eclipse.justj.openjdk.hotspot.jre.full.win32.x86_64_21.0.3.v20240426-1530\jre\bin\jli.dll
0x00007ffc341e0000 - 0x00007ffc341fb000 	C:\Users\DELL\.p2\pool\plugins\org.eclipse.justj.openjdk.hotspot.jre.full.win32.x86_64_21.0.3.v20240426-1530\jre\bin\VCRUNTIME140.dll
0x00007ffc3bcf0000 - 0x00007ffc3be8d000 	C:\Windows\System32\USER32.dll
0x00007ffc3b0b0000 - 0x00007ffc3b0d2000 	C:\Windows\System32\win32u.dll
0x00007ffc2bc40000 - 0x00007ffc2beda000 	C:\Windows\WinSxS\amd64_microsoft.windows.common-controls_6595b64144ccf1df_6.0.19041.4355_none_60b8b9eb71f62e16\COMCTL32.dll
0x00007ffc3b990000 - 0x00007ffc3b9bb000 	C:\Windows\System32\GDI32.dll
0x00007ffc3be90000 - 0x00007ffc3bf2e000 	C:\Windows\System32\msvcrt.dll
0x00007ffc3b180000 - 0x00007ffc3b297000 	C:\Windows\System32\gdi32full.dll
0x00007ffc3b840000 - 0x00007ffc3b8dd000 	C:\Windows\System32\msvcp_win.dll
0x00007ffc3bcb0000 - 0x00007ffc3bcdf000 	C:\Windows\System32\IMM32.DLL
0x00007ffc385d0000 - 0x00007ffc385dc000 	C:\Users\DELL\.p2\pool\plugins\org.eclipse.justj.openjdk.hotspot.jre.full.win32.x86_64_21.0.3.v20240426-1530\jre\bin\vcruntime140_1.dll
0x00007ffc27180000 - 0x00007ffc2720e000 	C:\Users\DELL\.p2\pool\plugins\org.eclipse.justj.openjdk.hotspot.jre.full.win32.x86_64_21.0.3.v20240426-1530\jre\bin\msvcp140.dll
0x00007ffbcc530000 - 0x00007ffbcd2b2000 	C:\Users\DELL\.p2\pool\plugins\org.eclipse.justj.openjdk.hotspot.jre.full.win32.x86_64_21.0.3.v20240426-1530\jre\bin\server\jvm.dll
0x00007ffc3cf40000 - 0x00007ffc3cff0000 	C:\Windows\System32\ADVAPI32.dll
0x00007ffc3bbb0000 - 0x00007ffc3bc50000 	C:\Windows\System32\sechost.dll
0x00007ffc3cff0000 - 0x00007ffc3d113000 	C:\Windows\System32\RPCRT4.dll
0x00007ffc3b0e0000 - 0x00007ffc3b107000 	C:\Windows\System32\bcrypt.dll
0x00007ffc3c110000 - 0x00007ffc3c17b000 	C:\Windows\System32\WS2_32.dll
0x00007ffc3adb0000 - 0x00007ffc3adfb000 	C:\Windows\SYSTEM32\POWRPROF.dll
0x00007ffc2a6f0000 - 0x00007ffc2a717000 	C:\Windows\SYSTEM32\WINMM.dll
0x00007ffc30f20000 - 0x00007ffc30f2a000 	C:\Windows\SYSTEM32\VERSION.dll
0x00007ffc3ad90000 - 0x00007ffc3ada2000 	C:\Windows\SYSTEM32\UMPDC.dll
0x00007ffc38d00000 - 0x00007ffc38d12000 	C:\Windows\SYSTEM32\kernel.appcore.dll
0x00007ffc27470000 - 0x00007ffc2747a000 	C:\Users\DELL\.p2\pool\plugins\org.eclipse.justj.openjdk.hotspot.jre.full.win32.x86_64_21.0.3.v20240426-1530\jre\bin\jimage.dll
0x00007ffc345b0000 - 0x00007ffc34794000 	C:\Windows\SYSTEM32\DBGHELP.DLL
0x00007ffc342e0000 - 0x00007ffc34314000 	C:\Windows\SYSTEM32\dbgcore.DLL
0x00007ffc3b2a0000 - 0x00007ffc3b322000 	C:\Windows\System32\bcryptPrimitives.dll
0x00007ffc1d280000 - 0x00007ffc1d29f000 	C:\Users\DELL\.p2\pool\plugins\org.eclipse.justj.openjdk.hotspot.jre.full.win32.x86_64_21.0.3.v20240426-1530\jre\bin\java.dll
0x00007ffc1c7c0000 - 0x00007ffc1c7d8000 	C:\Users\DELL\.p2\pool\plugins\org.eclipse.justj.openjdk.hotspot.jre.full.win32.x86_64_21.0.3.v20240426-1530\jre\bin\zip.dll
0x00007ffc3c760000 - 0x00007ffc3cecf000 	C:\Windows\System32\SHELL32.dll
0x00007ffc38fe0000 - 0x00007ffc3977f000 	C:\Windows\SYSTEM32\windows.storage.dll
0x00007ffc3d230000 - 0x00007ffc3d583000 	C:\Windows\System32\combase.dll
0x00007ffc3a8b0000 - 0x00007ffc3a8de000 	C:\Windows\SYSTEM32\Wldp.dll
0x00007ffc3bae0000 - 0x00007ffc3bbad000 	C:\Windows\System32\OLEAUT32.dll
0x00007ffc3d120000 - 0x00007ffc3d1cd000 	C:\Windows\System32\SHCORE.dll
0x00007ffc3d1d0000 - 0x00007ffc3d225000 	C:\Windows\System32\shlwapi.dll
0x00007ffc3ae90000 - 0x00007ffc3aeb4000 	C:\Windows\SYSTEM32\profapi.dll
0x00007ffc27460000 - 0x00007ffc27470000 	C:\Users\DELL\.p2\pool\plugins\org.eclipse.justj.openjdk.hotspot.jre.full.win32.x86_64_21.0.3.v20240426-1530\jre\bin\net.dll
0x00007ffc32cb0000 - 0x00007ffc32dbd000 	C:\Windows\SYSTEM32\WINHTTP.dll
0x00007ffc3a610000 - 0x00007ffc3a67a000 	C:\Windows\system32\mswsock.dll
0x00007ffc1b9a0000 - 0x00007ffc1b9b6000 	C:\Users\DELL\.p2\pool\plugins\org.eclipse.justj.openjdk.hotspot.jre.full.win32.x86_64_21.0.3.v20240426-1530\jre\bin\nio.dll
0x00007ffc3a330000 - 0x00007ffc3a3fa000 	C:\Windows\SYSTEM32\DNSAPI.dll
0x00007ffc3a2f0000 - 0x00007ffc3a32b000 	C:\Windows\SYSTEM32\IPHLPAPI.DLL
0x00007ffc3cf30000 - 0x00007ffc3cf38000 	C:\Windows\System32\NSI.dll
0x00007ffc30a90000 - 0x00007ffc30a9a000 	C:\Windows\System32\rasadhlp.dll
0x00007ffc30ab0000 - 0x00007ffc30b30000 	C:\Windows\System32\fwpuclnt.dll
0x00007ffc274a0000 - 0x00007ffc274a9000 	C:\Users\DELL\.p2\pool\plugins\org.eclipse.justj.openjdk.hotspot.jre.full.win32.x86_64_21.0.3.v20240426-1530\jre\bin\extnet.dll
0x00007ffc3a800000 - 0x00007ffc3a818000 	C:\Windows\SYSTEM32\CRYPTSP.dll
0x00007ffc39f30000 - 0x00007ffc39f64000 	C:\Windows\system32\rsaenh.dll
0x00007ffc3ae00000 - 0x00007ffc3ae2e000 	C:\Windows\SYSTEM32\USERENV.dll
0x00007ffc3a820000 - 0x00007ffc3a82c000 	C:\Windows\SYSTEM32\CRYPTBASE.dll
0x00007ffc32140000 - 0x00007ffc3214e000 	C:\Users\DELL\.p2\pool\plugins\org.eclipse.justj.openjdk.hotspot.jre.full.win32.x86_64_21.0.3.v20240426-1530\jre\bin\sunmscapi.dll
0x00007ffc3b6e0000 - 0x00007ffc3b83e000 	C:\Windows\System32\CRYPT32.dll
0x00007ffc3a920000 - 0x00007ffc3a949000 	C:\Windows\SYSTEM32\ncrypt.dll
0x00007ffc3a8e0000 - 0x00007ffc3a91b000 	C:\Windows\SYSTEM32\NTASN1.dll
0x00007ffc26970000 - 0x00007ffc26977000 	C:\Windows\system32\wshunix.dll

dbghelp: loaded successfully - version: 4.0.5 - missing functions: none
symbol engine: initialized successfully - sym options: 0x614 - pdb path: .;C:\Users\DELL\.p2\pool\plugins\org.eclipse.justj.openjdk.hotspot.jre.full.win32.x86_64_21.0.3.v20240426-1530\jre\bin;C:\Windows\SYSTEM32;C:\Windows\WinSxS\amd64_microsoft.windows.common-controls_6595b64144ccf1df_6.0.19041.4355_none_60b8b9eb71f62e16;C:\Users\DELL\.p2\pool\plugins\org.eclipse.justj.openjdk.hotspot.jre.full.win32.x86_64_21.0.3.v20240426-1530\jre\bin\server

VM Arguments:
jvm_args: -ea -Dfile.encoding=UTF-8 -Dstdout.encoding=UTF-8 -Dstderr.encoding=UTF-8 -XX:+ShowCodeDetailsInExceptionMessages 
java_command: org.testng.remote.RemoteTestNG -serport 58439 -protocol json -d C:\Users\DELL\eclipse-workspace2\DBTesting\test-output C:\Users\DELL\AppData\Local\Temp\testng-eclipse-560665087\testng-customsuite.xml
java_class_path (initial): C:\Users\DELL\eclipse\java-2024-064\eclipse\configuration\org.eclipse.osgi\525\0\.cp\lib\testng-remote.jar;C:\Users\DELL\eclipse-workspace2\DBTesting\target\test-classes;C:\Users\DELL\eclipse-workspace2\DBTesting\target\classes;C:\Users\DELL\.p2\pool\plugins\org.testng_7.4.0.r202105021533.jar;C:\Users\DELL\.p2\pool\plugins\com.beust.jcommander_1.78.0.jar;C:\Users\DELL\.p2\pool\plugins\org.apache-extras.beanshell.bsh_2.0.0.b6.jar;C:\Users\DELL\.p2\pool\plugins\org.yaml.snakeyaml_1.21.0.jar;C:\Users\DELL\.p2\pool\plugins\org.webjars.jquery_3.5.1.jar;C:\Users\DELL\.m2\repository\org\seleniumhq\selenium\selenium-java\4.23.0\selenium-java-4.23.0.jar;C:\Users\DELL\.m2\repository\org\seleniumhq\selenium\selenium-api\4.23.0\selenium-api-4.23.0.jar;C:\Users\DELL\.m2\repository\org\seleniumhq\selenium\selenium-chrome-driver\4.23.0\selenium-chrome-driver-4.23.0.jar;C:\Users\DELL\.m2\repository\com\google\auto\service\auto-service-annotations\1.1.1\auto-service-annotations-1.1.1.jar;C:\Users\DELL\.m2\repository\org\seleniumhq\selenium\selenium-chromium-driver\4.23.0\selenium-chromium-driver-4.23.0.jar;C:\Users\DELL\.m2\repository\org\seleniumhq\selenium\selenium-json\4.23.0\selenium-json-4.23.0.jar;C:\Users\DELL\.m2\repository\org\seleniumhq\selenium\selenium-manager\4.23.0\selenium-manager-4.23.0.jar;C:\Users\DELL\.m2\repository\org\seleniumhq\selenium\selenium-devtools-v125\4.23.0\selenium-devtools-v125-4.23.0.jar;C:\Users\DELL\.m2\repository\org\seleniumhq\selenium\selenium-devtools-v126\4.23.0\selenium-devtools-v126-4.23.0.jar;C:\Users\DELL\.m2\repository\org\seleniumhq\selenium\selenium-devtools-v127\4.23.0\selenium-devtools-v127-4.23.0.jar;C:\Users\DELL\.m2\repository\org\seleniumhq\selenium\selenium-devtools-v85\4.23.0\selenium-devtools-v85-4.23.0.jar;C:\Users\DELL\.m2\repository\org\seleniumhq\selenium\selenium-edge-driver\4.23.0\selenium-edge-driver-4.23.0.jar;C:\Users\DELL\.m2\repository\org\seleniumhq\selenium\selenium-firefox-driver\4.23.0\selenium-firefox-driver-4.23.0.jar;C:\Users\DELL\.m2\repository\org\seleniumhq\selenium\selenium-http\4.23.0\selenium-http-4.23.0.jar;C:\Users\DELL\.m2\repository\dev\failsafe\failsafe\3.3.2\failsafe-3.3.2.jar;C:\Users\DELL\.m2\repository\org\seleniumhq\selenium\selenium-ie-driver\4.23.0\selenium-ie-driver-4.23.0.jar;C:\Users\DELL\.m2\repository\org\seleniumhq\selenium\selenium-remote-driver\4.23.0\selenium-remote-driver-4.23.0.jar;C:\Users\DELL\.m2\repository\com\google\guava\guava\33.2.1-jre\guava-33.2.1-jre.jar;C:\Users\DELL\.m2\repository\com\google\guava\failureaccess\1.0.2\failureaccess-1.0.2.jar;C:\Users\DELL\.m2\repository\com\google\guava\listenablefuture\9999.0-empty-to-avoid-conflict-with-guava\listenablefuture-9999.0-empty-to-avoid-conflict-with-guava.jar;C:\Users\DELL\.m2\repository\com\google\code\findbugs\jsr305\3.0.2\jsr305-3.0.2.jar;C:\Users\DELL\.m2\repository\org\checkerframework\checker-qual\3.42.0\checker-qual-3.42.0.jar;C:\Users\DELL\.m2\repository\com\google\errorprone\error_prone_annotations\2.26.1\error_prone_annotations-2.26.1.jar;C:\Users\DELL\.m2\repository\com\google\j2objc\j2objc-annotations\3.0.0\j2objc-annotations-3.0.0.jar;C:\Users\DELL\.m2\repository\io\opentelemetry\semconv\opentelemetry-semconv\1.25.0-alpha\opentelemetry-semconv-1.25.0-alpha.jar;C:\Users\DELL\.m2\repository\io\opentelemetry\opentelemetry-api\1.40.0\opentelemetry-api-1.40.0.jar;C:\Users\DELL\.m2\repository\io\opentelemetry\opentelemetry-context\1.40.0\opentelemetry-context-1.40.0.jar;C:\Users\DELL\.m2\repository\io\opentelemetry\opentelemetry-exporter-logging\1.40.0\opentelemetry-exporter-logging-1.40.0.jar;C:\Users\DELL\.m2\repository\io\opentelemetry\opentelemetry-sdk-common\1.40.0\opentelemetry-sdk-common-1.40.0.jar;C:\Users\DELL\.m2\repository\io\opentelemetry\opentelemetry-sdk-extension-autoconfigure-spi\1.40.0\opentelemetry-sdk-extension-autoconfigure-spi-1.40.0.jar;C:\Users\DELL\.m2\repository\io\opentelemetry\opentelemetry-sdk-extension-autoconfigure\1.40.0\opentelemetry-sdk-extension-autoconfigure-1.40.0.jar;C:\Users\DELL\.m2\repository\io\opentelemetry\opentelemetry-api-incubator\1.40.0-alpha\opentelemetry-api-incubator-1.40.0-alpha.jar;C:\Users\DELL\.m2\repository\io\opentelemetry\opentelemetry-sdk-trace\1.40.0\opentelemetry-sdk-trace-1.40.0.jar;C:\Users\DELL\.m2\repository\io\opentelemetry\opentelemetry-sdk\1.40.0\opentelemetry-sdk-1.40.0.jar;C:\Users\DELL\.m2\repository\io\opentelemetry\opentelemetry-sdk-metrics\1.40.0\opentelemetry-sdk-metrics-1.40.0.jar;C:\Users\DELL\.m2\repository\io\opentelemetry\opentelemetry-sdk-logs\1.40.0\opentelemetry-sdk-logs-1.40.0.jar;C:\Users\DELL\.m2\repository\net\bytebuddy\byte-buddy\1.14.18\byte-buddy-1.14.18.jar;C:\Users\DELL\.m2\repository\org\seleniumhq\selenium\selenium-os\4.23.0\selenium-os-4.23.0.jar;C:\Users\DELL\.m2\repository\org\apache\commons\commons-exec\1.4.0\commons-exec-1.4.0.jar;C:\Users\DELL\.m2\repository\org\seleniumhq\selenium\selenium-safari-driver\4.23.0\selenium-safari-driver-4.23.0.jar;C:\Users\DELL\.m2\repository\org\seleniumhq\selenium\selenium-support\4.23.0\selenium-support-4.23.0.jar;C:\Users\DELL\.m2\repository\org\testng\testng\7.10.2\testng-7.10.2.jar;C:\Users\DELL\.m2\repository\org\slf4j\slf4j-api\1.7.36\slf4j-api-1.7.36.jar;C:\Users\DELL\.m2\repository\com\beust\jcommander\1.82\jcommander-1.82.jar;C:\Users\DELL\.m2\repository\org\webjars\jquery\3.7.1\jquery-3.7.1.jar;C:\Users\DELL\.m2\repository\com\mysql\mysql-connector-j\9.0.0\mysql-connector-j-9.0.0.jar;C:\Users\DELL\.m2\repository\com\google\protobuf\protobuf-java\4.26.1\protobuf-java-4.26.1.jar
Launcher Type: SUN_STANDARD

[Global flags]
     intx CICompilerCount                          = 3                                         {product} {ergonomic}
     uint ConcGCThreads                            = 1                                         {product} {ergonomic}
     uint G1ConcRefinementThreads                  = 4                                         {product} {ergonomic}
   size_t G1HeapRegionSize                         = 1048576                                   {product} {ergonomic}
    uintx GCDrainStackTargetSize                   = 64                                        {product} {ergonomic}
   size_t InitialHeapSize                          = 134217728                                 {product} {ergonomic}
   size_t MarkStackSize                            = 4194304                                   {product} {ergonomic}
   size_t MaxHeapSize                              = 2126512128                                {product} {ergonomic}
   size_t MaxNewSize                               = 1275068416                                {product} {ergonomic}
   size_t MinHeapDeltaBytes                        = 1048576                                   {product} {ergonomic}
   size_t MinHeapSize                              = 8388608                                   {product} {ergonomic}
    uintx NonNMethodCodeHeapSize                   = 5832780                                {pd product} {ergonomic}
    uintx NonProfiledCodeHeapSize                  = 122912730                              {pd product} {ergonomic}
    uintx ProfiledCodeHeapSize                     = 122912730                              {pd product} {ergonomic}
    uintx ReservedCodeCacheSize                    = 251658240                              {pd product} {ergonomic}
     bool SegmentedCodeCache                       = true                                      {product} {ergonomic}
     bool ShowCodeDetailsInExceptionMessages       = true                                   {manageable} {command line}
   size_t SoftMaxHeapSize                          = 2126512128                             {manageable} {ergonomic}
     bool UseCompressedOops                        = true                           {product lp64_product} {ergonomic}
     bool UseG1GC                                  = true                                      {product} {ergonomic}
     bool UseLargePagesIndividualAllocation        = false                                  {pd product} {ergonomic}

Logging:
Log output configuration:
 #0: stdout all=warning uptime,level,tags foldmultilines=false
 #1: stderr all=off uptime,level,tags foldmultilines=false

Environment Variables:
JAVA_HOME=C:\Program Files\Java\jdk-17
PATH=C:/Users/DELL/.p2/pool/plugins/org.eclipse.justj.openjdk.hotspot.jre.full.win32.x86_64_21.0.3.v20240426-1530/jre/bin/server;C:/Users/DELL/.p2/pool/plugins/org.eclipse.justj.openjdk.hotspot.jre.full.win32.x86_64_21.0.3.v20240426-1530/jre/bin;C:\Program Files\Common Files\Oracle\Java\javapath;c:\DevSuiteHome_1\jre\1.4.2\bin\client;c:\DevSuiteHome_1\jre\1.4.2\bin;c:\DevSuiteHome_2\jdk\jre\bin\classic;c:\DevSuiteHome_2\jdk\jre\bin;c:\DevSuiteHome_2\jdk\jre\bin\client;c:\DevSuiteHome_2\jlib;c:\DevSuiteHome_2\bin;c:\DevSuiteHome_2\jre\1.4.2\bin\client;c:\DevSuiteHome_2\jre\1.4.2\bin;D:\DevSuiteHome_1\jre\1.4.2\bin\client;D:\DevSuiteHome_1\jre\1.4.2\bin;c:\DevSuiteHome_1\jlib;c:\DevSuiteHome_1\bin;D:\oracle\product\10.2.0\db_1\bin;C:\Program Files\dotnet\;C:\xampp\php;C:\Users\DELL\Downloads\xampp\php;C:\xampp;C:\Program Files\Microsoft SQL Server\150\Tools\Binn\;C:\Program Files\Microsoft SQL Server\Client SDK\ODBC\170\Tools\Binn\;C:\Program Files\Git\cmd;C:\Program Files\MySQL\MySQL Shell 8.0\bin\;D:\oracle\product\10.2.0\db_1\bin;C:\Program Files\dotnet\;C:\Users\DELL\anaconda3;C:\Users\DELL\anaconda3\Library\mingw-w64\bin;C:\Users\DELL\anaconda3\Library\usr\bin;C:\Users\DELL\anaconda3\Library\bin;C:\Users\DELL\anaconda3\Scripts;C:\Users\DELL\AppData\Local\Microsoft\WindowsApps;C:\Users\DELL\.dotnet\tools;C:\src\flutter\bin;c:\windows\system32;C:\Users\DELL\AppData\Local\GitHubDesktop\bin;C:\Users\DELL\.dotnet\tools;D:\flutter\bin;C:\Users\DELL\AppData\Roaming\Composer\vendor\bin;C:\Users\DELL\AppData\Local\Programs\Microsoft VS Code\bin;C:\Users\DELL\Desktop;
USERNAME=DELL
OS=Windows_NT
PROCESSOR_IDENTIFIER=Intel64 Family 6 Model 61 Stepping 4, GenuineIntel
TMP=C:\Users\DELL\AppData\Local\Temp
TEMP=C:\Users\DELL\AppData\Local\Temp




Periodic native trim disabled

---------------  S Y S T E M  ---------------

OS:
 Windows 10 , 64 bit Build 19041 (10.0.19041.4717)
OS uptime: 8 days 17:47 hours

CPU: total 4 (initial active 4) (2 cores per cpu, 2 threads per core) family 6 model 61 stepping 4 microcode 0x2d, cx8, cmov, fxsr, ht, mmx, 3dnowpref, sse, sse2, sse3, ssse3, sse4.1, sse4.2, popcnt, lzcnt, tsc, tscinvbit, avx, avx2, aes, erms, clmul, bmi1, bmi2, adx, fma, vzeroupper, clflush, rdtscp, f16c
Processor Information for all 4 processors :
  Max Mhz: 2401, Current Mhz: 2300, Mhz Limit: 2280

Memory: 4k page, system-wide physical 8105M (723M free)
TotalPageFile size 10105M (AvailPageFile size 5M)
current process WorkingSet (physical memory assigned to process): 135M, peak: 135M
current process commit charge ("private bytes"): 158M, peak: 225M

vm_info: OpenJDK 64-Bit Server VM (21.0.3+9-LTS) for windows-amd64 JRE (21.0.3+9-LTS), built on 2024-04-16T00:00:00Z by "admin" with MS VC++ 17.7 (VS2022)

END.
